{"D:\\JS homework\\JS JEST TEST\\src\\control.js": {"path":"D:\\JS homework\\JS JEST TEST\\src\\control.js","all":false,"statementMap":{"0":{"start":{"line":1,"column":0},"end":{"line":1,"column":24}},"1":{"start":{"line":2,"column":0},"end":{"line":2,"column":28}},"2":{"start":{"line":3,"column":0},"end":{"line":3,"column":25}},"3":{"start":{"line":4,"column":0},"end":{"line":4,"column":24}},"4":{"start":{"line":5,"column":0},"end":{"line":5,"column":54}},"5":{"start":{"line":6,"column":0},"end":{"line":6,"column":66}},"6":{"start":{"line":7,"column":0},"end":{"line":7,"column":5}},"7":{"start":{"line":8,"column":0},"end":{"line":8,"column":71}},"8":{"start":{"line":9,"column":0},"end":{"line":9,"column":53}},"9":{"start":{"line":10,"column":0},"end":{"line":10,"column":62}},"10":{"start":{"line":11,"column":0},"end":{"line":11,"column":17}},"11":{"start":{"line":12,"column":0},"end":{"line":12,"column":5}},"12":{"start":{"line":13,"column":0},"end":{"line":13,"column":25}},"13":{"start":{"line":14,"column":0},"end":{"line":14,"column":36}},"14":{"start":{"line":15,"column":0},"end":{"line":15,"column":16}},"15":{"start":{"line":16,"column":0},"end":{"line":16,"column":5}},"16":{"start":{"line":17,"column":0},"end":{"line":17,"column":26}},"17":{"start":{"line":18,"column":0},"end":{"line":18,"column":36}},"18":{"start":{"line":19,"column":0},"end":{"line":19,"column":16}},"19":{"start":{"line":20,"column":0},"end":{"line":20,"column":5}},"20":{"start":{"line":21,"column":0},"end":{"line":21,"column":1}}},"s":{"0":1,"1":1,"2":0,"3":0,"4":0,"5":0,"6":0,"7":1,"8":1,"9":0,"10":0,"11":0,"12":0,"13":0,"14":0,"15":0,"16":0,"17":0,"18":0,"19":0,"20":1},"branchMap":{"0":{"type":"branch","line":9,"loc":{"start":{"line":9,"column":4},"end":{"line":20,"column":5}},"locations":[{"start":{"line":9,"column":4},"end":{"line":20,"column":5}}]}},"b":{"0":[0]},"fnMap":{"0":{"name":"Controller","decl":{"start":{"line":2,"column":4},"end":{"line":7,"column":5}},"loc":{"start":{"line":2,"column":4},"end":{"line":7,"column":5}},"line":2},"1":{"name":"<instance_members_initializer>","decl":{"start":{"line":9,"column":4},"end":{"line":20,"column":5}},"loc":{"start":{"line":9,"column":4},"end":{"line":20,"column":5}},"line":9}},"f":{"0":0,"1":0}}
,"D:\\JS homework\\JS JEST TEST\\src\\models.js": {"path":"D:\\JS homework\\JS JEST TEST\\src\\models.js","all":false,"statementMap":{"0":{"start":{"line":1,"column":0},"end":{"line":1,"column":18}},"1":{"start":{"line":2,"column":0},"end":{"line":2,"column":18}},"2":{"start":{"line":3,"column":0},"end":{"line":3,"column":25}},"3":{"start":{"line":4,"column":0},"end":{"line":4,"column":25}},"4":{"start":{"line":5,"column":0},"end":{"line":5,"column":5}},"5":{"start":{"line":6,"column":0},"end":{"line":6,"column":0}},"6":{"start":{"line":7,"column":0},"end":{"line":7,"column":22}},"7":{"start":{"line":8,"column":0},"end":{"line":8,"column":24}},"8":{"start":{"line":9,"column":0},"end":{"line":9,"column":32}},"9":{"start":{"line":10,"column":0},"end":{"line":10,"column":30}},"10":{"start":{"line":11,"column":0},"end":{"line":11,"column":5}},"11":{"start":{"line":12,"column":0},"end":{"line":12,"column":0}},"12":{"start":{"line":13,"column":0},"end":{"line":13,"column":22}},"13":{"start":{"line":14,"column":0},"end":{"line":14,"column":30}},"14":{"start":{"line":15,"column":0},"end":{"line":15,"column":5}},"15":{"start":{"line":16,"column":0},"end":{"line":16,"column":30}},"16":{"start":{"line":17,"column":0},"end":{"line":17,"column":27}},"17":{"start":{"line":18,"column":0},"end":{"line":18,"column":29}},"18":{"start":{"line":19,"column":0},"end":{"line":19,"column":30}},"19":{"start":{"line":20,"column":0},"end":{"line":20,"column":0}},"20":{"start":{"line":21,"column":0},"end":{"line":21,"column":56}},"21":{"start":{"line":22,"column":0},"end":{"line":22,"column":37}},"22":{"start":{"line":23,"column":0},"end":{"line":23,"column":47}},"23":{"start":{"line":24,"column":0},"end":{"line":24,"column":31}},"24":{"start":{"line":25,"column":0},"end":{"line":25,"column":58}},"25":{"start":{"line":26,"column":0},"end":{"line":26,"column":61}},"26":{"start":{"line":27,"column":0},"end":{"line":27,"column":58}},"27":{"start":{"line":28,"column":0},"end":{"line":28,"column":105}},"28":{"start":{"line":29,"column":0},"end":{"line":29,"column":34}},"29":{"start":{"line":30,"column":0},"end":{"line":30,"column":13}},"30":{"start":{"line":31,"column":0},"end":{"line":31,"column":55}},"31":{"start":{"line":32,"column":0},"end":{"line":32,"column":16}},"32":{"start":{"line":33,"column":0},"end":{"line":33,"column":29}},"33":{"start":{"line":34,"column":0},"end":{"line":34,"column":13}},"34":{"start":{"line":35,"column":0},"end":{"line":35,"column":9}},"35":{"start":{"line":36,"column":0},"end":{"line":36,"column":26}},"36":{"start":{"line":37,"column":0},"end":{"line":37,"column":5}},"37":{"start":{"line":38,"column":0},"end":{"line":38,"column":0}},"38":{"start":{"line":39,"column":0},"end":{"line":39,"column":31}},"39":{"start":{"line":40,"column":0},"end":{"line":40,"column":37}},"40":{"start":{"line":41,"column":0},"end":{"line":41,"column":69}},"41":{"start":{"line":42,"column":0},"end":{"line":42,"column":9}},"42":{"start":{"line":43,"column":0},"end":{"line":43,"column":30}},"43":{"start":{"line":44,"column":0},"end":{"line":44,"column":29}},"44":{"start":{"line":45,"column":0},"end":{"line":45,"column":24}},"45":{"start":{"line":46,"column":0},"end":{"line":46,"column":9}},"46":{"start":{"line":47,"column":0},"end":{"line":47,"column":21}},"47":{"start":{"line":48,"column":0},"end":{"line":48,"column":5}},"48":{"start":{"line":49,"column":0},"end":{"line":49,"column":14}},"49":{"start":{"line":50,"column":0},"end":{"line":50,"column":25}},"50":{"start":{"line":51,"column":0},"end":{"line":51,"column":5}},"51":{"start":{"line":52,"column":0},"end":{"line":52,"column":14}},"52":{"start":{"line":53,"column":0},"end":{"line":53,"column":25}},"53":{"start":{"line":54,"column":0},"end":{"line":54,"column":5}},"54":{"start":{"line":55,"column":0},"end":{"line":55,"column":1}}},"s":{"0":1,"1":1,"2":8,"3":8,"4":8,"5":1,"6":1,"7":1,"8":8,"9":8,"10":8,"11":1,"12":1,"13":1,"14":9,"15":9,"16":9,"17":9,"18":9,"19":9,"20":9,"21":8,"22":8,"23":64,"24":64,"25":46,"26":28,"27":14,"28":64,"29":64,"30":8,"31":8,"32":3,"33":3,"34":8,"35":9,"36":9,"37":1,"38":1,"39":1,"40":4,"41":4,"42":2,"43":2,"44":2,"45":2,"46":2,"47":2,"48":1,"49":1,"50":1,"51":1,"52":1,"53":1,"54":1},"branchMap":{"0":{"type":"branch","line":2,"loc":{"start":{"line":2,"column":4},"end":{"line":5,"column":5}},"locations":[{"start":{"line":2,"column":4},"end":{"line":5,"column":5}}]},"1":{"type":"branch","line":8,"loc":{"start":{"line":8,"column":4},"end":{"line":11,"column":5}},"locations":[{"start":{"line":8,"column":4},"end":{"line":11,"column":5}}]},"2":{"type":"branch","line":14,"loc":{"start":{"line":14,"column":4},"end":{"line":37,"column":5}},"locations":[{"start":{"line":14,"column":4},"end":{"line":37,"column":5}}]},"3":{"type":"branch","line":21,"loc":{"start":{"line":21,"column":55},"end":{"line":35,"column":9}},"locations":[{"start":{"line":21,"column":55},"end":{"line":35,"column":9}}]},"4":{"type":"branch","line":23,"loc":{"start":{"line":23,"column":46},"end":{"line":30,"column":13}},"locations":[{"start":{"line":23,"column":46},"end":{"line":30,"column":13}}]},"5":{"type":"branch","line":25,"loc":{"start":{"line":25,"column":19},"end":{"line":25,"column":41}},"locations":[{"start":{"line":25,"column":19},"end":{"line":25,"column":41}}]},"6":{"type":"branch","line":25,"loc":{"start":{"line":25,"column":41},"end":{"line":25,"column":50}},"locations":[{"start":{"line":25,"column":41},"end":{"line":25,"column":50}}]},"7":{"type":"branch","line":25,"loc":{"start":{"line":25,"column":16},"end":{"line":29,"column":28}},"locations":[{"start":{"line":25,"column":16},"end":{"line":29,"column":28}}]},"8":{"type":"branch","line":26,"loc":{"start":{"line":26,"column":24},"end":{"line":26,"column":46}},"locations":[{"start":{"line":26,"column":24},"end":{"line":26,"column":46}}]},"9":{"type":"branch","line":26,"loc":{"start":{"line":26,"column":46},"end":{"line":26,"column":53}},"locations":[{"start":{"line":26,"column":46},"end":{"line":26,"column":53}}]},"10":{"type":"branch","line":26,"loc":{"start":{"line":26,"column":21},"end":{"line":29,"column":28}},"locations":[{"start":{"line":26,"column":21},"end":{"line":29,"column":28}}]},"11":{"type":"branch","line":27,"loc":{"start":{"line":27,"column":24},"end":{"line":27,"column":42}},"locations":[{"start":{"line":27,"column":24},"end":{"line":27,"column":42}}]},"12":{"type":"branch","line":27,"loc":{"start":{"line":27,"column":42},"end":{"line":29,"column":28}},"locations":[{"start":{"line":27,"column":42},"end":{"line":29,"column":28}}]},"13":{"type":"branch","line":28,"loc":{"start":{"line":28,"column":24},"end":{"line":28,"column":48}},"locations":[{"start":{"line":28,"column":24},"end":{"line":28,"column":48}}]},"14":{"type":"branch","line":28,"loc":{"start":{"line":28,"column":24},"end":{"line":28,"column":56}},"locations":[{"start":{"line":28,"column":24},"end":{"line":28,"column":56}}]},"15":{"type":"branch","line":28,"loc":{"start":{"line":28,"column":24},"end":{"line":28,"column":64}},"locations":[{"start":{"line":28,"column":24},"end":{"line":28,"column":64}}]},"16":{"type":"branch","line":28,"loc":{"start":{"line":28,"column":24},"end":{"line":28,"column":72}},"locations":[{"start":{"line":28,"column":24},"end":{"line":28,"column":72}}]},"17":{"type":"branch","line":28,"loc":{"start":{"line":28,"column":24},"end":{"line":28,"column":80}},"locations":[{"start":{"line":28,"column":24},"end":{"line":28,"column":80}}]},"18":{"type":"branch","line":28,"loc":{"start":{"line":28,"column":24},"end":{"line":28,"column":88}},"locations":[{"start":{"line":28,"column":24},"end":{"line":28,"column":88}}]},"19":{"type":"branch","line":28,"loc":{"start":{"line":28,"column":21},"end":{"line":29,"column":28}},"locations":[{"start":{"line":28,"column":21},"end":{"line":29,"column":28}}]},"20":{"type":"branch","line":31,"loc":{"start":{"line":31,"column":24},"end":{"line":31,"column":35}},"locations":[{"start":{"line":31,"column":24},"end":{"line":31,"column":35}}]},"21":{"type":"branch","line":31,"loc":{"start":{"line":31,"column":15},"end":{"line":31,"column":45}},"locations":[{"start":{"line":31,"column":15},"end":{"line":31,"column":45}}]},"22":{"type":"branch","line":31,"loc":{"start":{"line":31,"column":15},"end":{"line":31,"column":55}},"locations":[{"start":{"line":31,"column":15},"end":{"line":31,"column":55}}]},"23":{"type":"branch","line":32,"loc":{"start":{"line":32,"column":12},"end":{"line":34,"column":13}},"locations":[{"start":{"line":32,"column":12},"end":{"line":34,"column":13}}]},"24":{"type":"branch","line":36,"loc":{"start":{"line":36,"column":-2},"end":{"line":36,"column":20}},"locations":[{"start":{"line":36,"column":-2},"end":{"line":36,"column":20}}]},"25":{"type":"branch","line":40,"loc":{"start":{"line":40,"column":4},"end":{"line":48,"column":5}},"locations":[{"start":{"line":40,"column":4},"end":{"line":48,"column":5}}]},"26":{"type":"branch","line":41,"loc":{"start":{"line":41,"column":11},"end":{"line":41,"column":42}},"locations":[{"start":{"line":41,"column":11},"end":{"line":41,"column":42}}]},"27":{"type":"branch","line":42,"loc":{"start":{"line":42,"column":8},"end":{"line":48,"column":5}},"locations":[{"start":{"line":42,"column":8},"end":{"line":48,"column":5}}]},"28":{"type":"branch","line":49,"loc":{"start":{"line":49,"column":4},"end":{"line":51,"column":5}},"locations":[{"start":{"line":49,"column":4},"end":{"line":51,"column":5}}]},"29":{"type":"branch","line":52,"loc":{"start":{"line":52,"column":4},"end":{"line":54,"column":5}},"locations":[{"start":{"line":52,"column":4},"end":{"line":54,"column":5}}]}},"b":{"0":[8],"1":[8],"2":[9],"3":[8],"4":[64],"5":[18],"6":[18],"7":[46],"8":[18],"9":[18],"10":[28],"11":[14],"12":[14],"13":[0],"14":[0],"15":[0],"16":[0],"17":[0],"18":[0],"19":[0],"20":[6],"21":[5],"22":[4],"23":[3],"24":[1],"25":[4],"26":[2],"27":[2],"28":[1],"29":[1]},"fnMap":{"0":{"name":"User","decl":{"start":{"line":2,"column":4},"end":{"line":5,"column":5}},"loc":{"start":{"line":2,"column":4},"end":{"line":5,"column":5}},"line":2},"1":{"name":"_isValidMail","decl":{"start":{"line":8,"column":4},"end":{"line":11,"column":5}},"loc":{"start":{"line":8,"column":4},"end":{"line":11,"column":5}},"line":8},"2":{"name":"_isValidPass","decl":{"start":{"line":14,"column":4},"end":{"line":37,"column":5}},"loc":{"start":{"line":14,"column":4},"end":{"line":37,"column":5}},"line":14},"3":{"name":"isValidData","decl":{"start":{"line":40,"column":4},"end":{"line":48,"column":5}},"loc":{"start":{"line":40,"column":4},"end":{"line":48,"column":5}},"line":40},"4":{"name":"getMail","decl":{"start":{"line":49,"column":4},"end":{"line":51,"column":5}},"loc":{"start":{"line":49,"column":4},"end":{"line":51,"column":5}},"line":49},"5":{"name":"getPass","decl":{"start":{"line":52,"column":4},"end":{"line":54,"column":5}},"loc":{"start":{"line":52,"column":4},"end":{"line":54,"column":5}},"line":52}},"f":{"0":8,"1":8,"2":9,"3":4,"4":1,"5":1}}
,"D:\\JS homework\\JS JEST TEST\\src\\view.js": {"path":"D:\\JS homework\\JS JEST TEST\\src\\view.js","all":false,"statementMap":{"0":{"start":{"line":1,"column":0},"end":{"line":1,"column":18}},"1":{"start":{"line":2,"column":0},"end":{"line":2,"column":18}},"2":{"start":{"line":3,"column":0},"end":{"line":3,"column":51}},"3":{"start":{"line":4,"column":0},"end":{"line":4,"column":36}},"4":{"start":{"line":5,"column":0},"end":{"line":5,"column":0}},"5":{"start":{"line":6,"column":0},"end":{"line":6,"column":57}},"6":{"start":{"line":7,"column":0},"end":{"line":7,"column":37}},"7":{"start":{"line":8,"column":0},"end":{"line":8,"column":40}},"8":{"start":{"line":9,"column":0},"end":{"line":9,"column":0}},"9":{"start":{"line":10,"column":0},"end":{"line":10,"column":57}},"10":{"start":{"line":11,"column":0},"end":{"line":11,"column":41}},"11":{"start":{"line":12,"column":0},"end":{"line":12,"column":39}},"12":{"start":{"line":13,"column":0},"end":{"line":13,"column":0}},"13":{"start":{"line":14,"column":0},"end":{"line":14,"column":63}},"14":{"start":{"line":15,"column":0},"end":{"line":15,"column":47}},"15":{"start":{"line":16,"column":0},"end":{"line":16,"column":52}},"16":{"start":{"line":17,"column":0},"end":{"line":17,"column":0}},"17":{"start":{"line":18,"column":0},"end":{"line":18,"column":56}},"18":{"start":{"line":19,"column":0},"end":{"line":19,"column":38}},"19":{"start":{"line":20,"column":0},"end":{"line":20,"column":39}},"20":{"start":{"line":21,"column":0},"end":{"line":21,"column":38}},"21":{"start":{"line":22,"column":0},"end":{"line":22,"column":44}},"22":{"start":{"line":23,"column":0},"end":{"line":23,"column":0}},"23":{"start":{"line":24,"column":0},"end":{"line":24,"column":94}},"24":{"start":{"line":25,"column":0},"end":{"line":25,"column":55}},"25":{"start":{"line":26,"column":0},"end":{"line":26,"column":32}},"26":{"start":{"line":27,"column":0},"end":{"line":27,"column":5}},"27":{"start":{"line":28,"column":0},"end":{"line":28,"column":0}},"28":{"start":{"line":29,"column":0},"end":{"line":29,"column":46}},"29":{"start":{"line":30,"column":0},"end":{"line":30,"column":22}},"30":{"start":{"line":31,"column":0},"end":{"line":31,"column":93}},"31":{"start":{"line":32,"column":0},"end":{"line":32,"column":54}},"32":{"start":{"line":33,"column":0},"end":{"line":33,"column":9}},"33":{"start":{"line":34,"column":0},"end":{"line":34,"column":13}},"34":{"start":{"line":35,"column":0},"end":{"line":35,"column":16}},"35":{"start":{"line":36,"column":0},"end":{"line":36,"column":52}},"36":{"start":{"line":37,"column":0},"end":{"line":37,"column":13}},"37":{"start":{"line":38,"column":0},"end":{"line":38,"column":19}},"38":{"start":{"line":39,"column":0},"end":{"line":39,"column":9}},"39":{"start":{"line":40,"column":0},"end":{"line":40,"column":5}},"40":{"start":{"line":41,"column":0},"end":{"line":41,"column":0}},"41":{"start":{"line":42,"column":0},"end":{"line":42,"column":72}},"42":{"start":{"line":43,"column":0},"end":{"line":43,"column":25}},"43":{"start":{"line":44,"column":0},"end":{"line":44,"column":56}},"44":{"start":{"line":45,"column":0},"end":{"line":45,"column":35}},"45":{"start":{"line":46,"column":0},"end":{"line":46,"column":11}},"46":{"start":{"line":47,"column":0},"end":{"line":47,"column":56}},"47":{"start":{"line":48,"column":0},"end":{"line":48,"column":35}},"48":{"start":{"line":49,"column":0},"end":{"line":49,"column":11}},"49":{"start":{"line":50,"column":0},"end":{"line":50,"column":62}},"50":{"start":{"line":51,"column":0},"end":{"line":51,"column":35}},"51":{"start":{"line":52,"column":0},"end":{"line":52,"column":11}},"52":{"start":{"line":53,"column":0},"end":{"line":53,"column":5}},"53":{"start":{"line":54,"column":0},"end":{"line":54,"column":0}},"54":{"start":{"line":55,"column":0},"end":{"line":55,"column":24}},"55":{"start":{"line":56,"column":0},"end":{"line":56,"column":38}},"56":{"start":{"line":57,"column":0},"end":{"line":57,"column":53}},"57":{"start":{"line":58,"column":0},"end":{"line":58,"column":48}},"58":{"start":{"line":59,"column":0},"end":{"line":59,"column":40}},"59":{"start":{"line":60,"column":0},"end":{"line":60,"column":40}},"60":{"start":{"line":61,"column":0},"end":{"line":61,"column":46}},"61":{"start":{"line":62,"column":0},"end":{"line":62,"column":36}},"62":{"start":{"line":63,"column":0},"end":{"line":63,"column":35}},"63":{"start":{"line":64,"column":0},"end":{"line":64,"column":49}},"64":{"start":{"line":65,"column":0},"end":{"line":65,"column":10}},"65":{"start":{"line":66,"column":0},"end":{"line":66,"column":5}},"66":{"start":{"line":67,"column":0},"end":{"line":67,"column":0}},"67":{"start":{"line":68,"column":0},"end":{"line":68,"column":4}},"68":{"start":{"line":69,"column":0},"end":{"line":69,"column":1}}},"s":{"0":1,"1":1,"2":14,"3":14,"4":14,"5":14,"6":14,"7":14,"8":14,"9":14,"10":14,"11":14,"12":14,"13":14,"14":14,"15":14,"16":14,"17":14,"18":14,"19":14,"20":14,"21":14,"22":14,"23":14,"24":14,"25":14,"26":14,"27":1,"28":1,"29":1,"30":2,"31":1,"32":1,"33":1,"34":1,"35":1,"36":1,"37":1,"38":1,"39":2,"40":1,"41":1,"42":1,"43":1,"44":0,"45":0,"46":1,"47":0,"48":0,"49":1,"50":0,"51":0,"52":1,"53":1,"54":1,"55":1,"56":0,"57":0,"58":0,"59":0,"60":0,"61":0,"62":0,"63":0,"64":0,"65":0,"66":1,"67":1,"68":1},"branchMap":{"0":{"type":"branch","line":2,"loc":{"start":{"line":2,"column":4},"end":{"line":27,"column":5}},"locations":[{"start":{"line":2,"column":4},"end":{"line":27,"column":5}}]},"1":{"type":"branch","line":30,"loc":{"start":{"line":30,"column":4},"end":{"line":40,"column":5}},"locations":[{"start":{"line":30,"column":4},"end":{"line":40,"column":5}}]},"2":{"type":"branch","line":31,"loc":{"start":{"line":31,"column":92},"end":{"line":39,"column":9}},"locations":[{"start":{"line":31,"column":92},"end":{"line":39,"column":9}}]},"3":{"type":"branch","line":38,"loc":{"start":{"line":38,"column":12},"end":{"line":38,"column":19}},"locations":[{"start":{"line":38,"column":12},"end":{"line":38,"column":19}}]},"4":{"type":"branch","line":43,"loc":{"start":{"line":43,"column":4},"end":{"line":53,"column":5}},"locations":[{"start":{"line":43,"column":4},"end":{"line":53,"column":5}}]}},"b":{"0":[14],"1":[2],"2":[1],"3":[0],"4":[1]},"fnMap":{"0":{"name":"Form","decl":{"start":{"line":2,"column":4},"end":{"line":27,"column":5}},"loc":{"start":{"line":2,"column":4},"end":{"line":27,"column":5}},"line":2},"1":{"name":"isValid","decl":{"start":{"line":30,"column":4},"end":{"line":40,"column":5}},"loc":{"start":{"line":30,"column":4},"end":{"line":40,"column":5}},"line":30},"2":{"name":"checkValid","decl":{"start":{"line":43,"column":4},"end":{"line":53,"column":5}},"loc":{"start":{"line":43,"column":4},"end":{"line":53,"column":5}},"line":43},"3":{"name":"disabledBut","decl":{"start":{"line":56,"column":4},"end":{"line":66,"column":5}},"loc":{"start":{"line":56,"column":4},"end":{"line":66,"column":5}},"line":56}},"f":{"0":14,"1":2,"2":1,"3":0}}
}
