TN:
SF:src\control.js
FN:2,Controller
FN:9,<instance_members_initializer>
FNF:2
FNH:0
FNDA:0,Controller
FNDA:0,<instance_members_initializer>
DA:1,1
DA:2,1
DA:3,0
DA:4,0
DA:5,0
DA:6,0
DA:7,0
DA:8,1
DA:9,1
DA:10,0
DA:11,0
DA:12,0
DA:13,0
DA:14,0
DA:15,0
DA:16,0
DA:17,0
DA:18,0
DA:19,0
DA:20,0
DA:21,1
LF:21
LH:5
BRDA:9,0,0,0
BRF:1
BRH:0
end_of_record
TN:
SF:src\models.js
FN:2,User
FN:8,_isValidMail
FN:14,_isValidPass
FN:40,isValidData
FN:49,getMail
FN:52,getPass
FNF:6
FNH:6
FNDA:8,User
FNDA:8,_isValidMail
FNDA:9,_isValidPass
FNDA:4,isValidData
FNDA:1,getMail
FNDA:1,getPass
DA:1,1
DA:2,1
DA:3,8
DA:4,8
DA:5,8
DA:6,1
DA:7,1
DA:8,1
DA:9,8
DA:10,8
DA:11,8
DA:12,1
DA:13,1
DA:14,1
DA:15,9
DA:16,9
DA:17,9
DA:18,9
DA:19,9
DA:20,9
DA:21,9
DA:22,8
DA:23,8
DA:24,64
DA:25,64
DA:26,46
DA:27,28
DA:28,14
DA:29,64
DA:30,64
DA:31,8
DA:32,8
DA:33,3
DA:34,3
DA:35,8
DA:36,9
DA:37,9
DA:38,1
DA:39,1
DA:40,1
DA:41,4
DA:42,4
DA:43,2
DA:44,2
DA:45,2
DA:46,2
DA:47,2
DA:48,2
DA:49,1
DA:50,1
DA:51,1
DA:52,1
DA:53,1
DA:54,1
DA:55,1
LF:55
LH:55
BRDA:2,0,0,8
BRDA:8,1,0,8
BRDA:14,2,0,9
BRDA:21,3,0,8
BRDA:23,4,0,64
BRDA:25,5,0,18
BRDA:25,6,0,18
BRDA:25,7,0,46
BRDA:26,8,0,18
BRDA:26,9,0,18
BRDA:26,10,0,28
BRDA:27,11,0,14
BRDA:27,12,0,14
BRDA:28,13,0,0
BRDA:28,14,0,0
BRDA:28,15,0,0
BRDA:28,16,0,0
BRDA:28,17,0,0
BRDA:28,18,0,0
BRDA:28,19,0,0
BRDA:31,20,0,6
BRDA:31,21,0,5
BRDA:31,22,0,4
BRDA:32,23,0,3
BRDA:36,24,0,1
BRDA:40,25,0,4
BRDA:41,26,0,2
BRDA:42,27,0,2
BRDA:49,28,0,1
BRDA:52,29,0,1
BRF:30
BRH:23
end_of_record
TN:
SF:src\view.js
FN:2,Form
FN:30,isValid
FN:43,checkValid
FN:56,disabledBut
FNF:4
FNH:3
FNDA:14,Form
FNDA:2,isValid
FNDA:1,checkValid
FNDA:0,disabledBut
DA:1,1
DA:2,1
DA:3,14
DA:4,14
DA:5,14
DA:6,14
DA:7,14
DA:8,14
DA:9,14
DA:10,14
DA:11,14
DA:12,14
DA:13,14
DA:14,14
DA:15,14
DA:16,14
DA:17,14
DA:18,14
DA:19,14
DA:20,14
DA:21,14
DA:22,14
DA:23,14
DA:24,14
DA:25,14
DA:26,14
DA:27,14
DA:28,1
DA:29,1
DA:30,1
DA:31,2
DA:32,1
DA:33,1
DA:34,1
DA:35,1
DA:36,1
DA:37,1
DA:38,1
DA:39,1
DA:40,2
DA:41,1
DA:42,1
DA:43,1
DA:44,1
DA:45,0
DA:46,0
DA:47,1
DA:48,0
DA:49,0
DA:50,1
DA:51,0
DA:52,0
DA:53,1
DA:54,1
DA:55,1
DA:56,1
DA:57,0
DA:58,0
DA:59,0
DA:60,0
DA:61,0
DA:62,0
DA:63,0
DA:64,0
DA:65,0
DA:66,0
DA:67,1
DA:68,1
DA:69,1
LF:69
LH:53
BRDA:2,0,0,14
BRDA:30,1,0,2
BRDA:31,2,0,1
BRDA:38,3,0,0
BRDA:43,4,0,1
BRF:5
BRH:4
end_of_record
